INFO:gensim.models.word2vec:collecting all words and their counts
INFO:gensim.models.word2vec:PROGRESS: at sentence #0, processed 0 words, keeping 0 word types
INFO:gensim.models.word2vec:PROGRESS: at sentence #10000, processed 400826 words, keeping 269 word types
INFO:gensim.models.word2vec:PROGRESS: at sentence #20000, processed 801597 words, keeping 269 word types
INFO:gensim.models.word2vec:PROGRESS: at sentence #30000, processed 1202307 words, keeping 269 word types
INFO:gensim.models.word2vec:PROGRESS: at sentence #40000, processed 1603045 words, keeping 270 word types
INFO:gensim.models.word2vec:PROGRESS: at sentence #50000, processed 2003820 words, keeping 270 word types
INFO:gensim.models.word2vec:PROGRESS: at sentence #60000, processed 2404657 words, keeping 270 word types
INFO:gensim.models.word2vec:PROGRESS: at sentence #70000, processed 2805401 words, keeping 270 word types
INFO:gensim.models.word2vec:PROGRESS: at sentence #80000, processed 3206079 words, keeping 270 word types
INFO:gensim.models.word2vec:PROGRESS: at sentence #90000, processed 3606893 words, keeping 270 word types
INFO:gensim.models.word2vec:PROGRESS: at sentence #100000, processed 4007578 words, keeping 270 word types
INFO:gensim.models.word2vec:PROGRESS: at sentence #110000, processed 4408364 words, keeping 270 word types
INFO:gensim.models.word2vec:collected 270 word types from a corpus of 4643403 raw words and 115865 sentences
INFO:gensim.models.word2vec:Creating a fresh vocabulary
INFO:gensim.utils:Word2Vec lifecycle event {'msg': 'effective_min_count=5 retains 269 unique words (99.63% of original 270, drops 1)', 'datetime': '2023-11-06T20:48:59.422115', 'gensim': '4.3.2', 'python': '3.11.6 (tags/v3.11.6:8b6ee5b, Oct  2 2023, 14:57:12) [MSC v.1935 64 bit (AMD64)]', 'platform': 'Windows-10-10.0.22621-SP0', 'event': 'prepare_vocab'}
INFO:gensim.utils:Word2Vec lifecycle event {'msg': 'effective_min_count=5 leaves 4643399 word corpus (100.00% of original 4643403, drops 4)', 'datetime': '2023-11-06T20:48:59.422115', 'gensim': '4.3.2', 'python': '3.11.6 (tags/v3.11.6:8b6ee5b, Oct  2 2023, 14:57:12) [MSC v.1935 64 bit (AMD64)]', 'platform': 'Windows-10-10.0.22621-SP0', 'event': 'prepare_vocab'}
INFO:gensim.models.word2vec:deleting the raw counts dictionary of 270 items
INFO:gensim.models.word2vec:sample=0.001 downsamples 97 most-common words
INFO:gensim.utils:Word2Vec lifecycle event {'msg': 'downsampling leaves estimated 2379141.70249999 word corpus (51.2%% of prior 4643399)', 'datetime': '2023-11-06T20:48:59.427126', 'gensim': '4.3.2', 'python': '3.11.6 (tags/v3.11.6:8b6ee5b, Oct  2 2023, 14:57:12) [MSC v.1935 64 bit (AMD64)]', 'platform': 'Windows-10-10.0.22621-SP0', 'event': 'prepare_vocab'}
INFO:gensim.models.word2vec:estimated required memory for 269 words and 256 dimensions: 685412 bytes
INFO:gensim.models.word2vec:resetting layer weights
INFO:gensim.utils:Word2Vec lifecycle event {'update': False, 'trim_rule': 'None', 'datetime': '2023-11-06T20:48:59.433735', 'gensim': '4.3.2', 'python': '3.11.6 (tags/v3.11.6:8b6ee5b, Oct  2 2023, 14:57:12) [MSC v.1935 64 bit (AMD64)]', 'platform': 'Windows-10-10.0.22621-SP0', 'event': 'build_vocab'}
INFO:gensim.utils:Word2Vec lifecycle event {'msg': 'training model with 3 workers on 269 vocabulary and 256 features, using sg=1 hs=0 sample=0.001 negative=5 window=40 shrink_windows=True', 'datetime': '2023-11-06T20:48:59.433735', 'gensim': '4.3.2', 'python': '3.11.6 (tags/v3.11.6:8b6ee5b, Oct  2 2023, 14:57:12) [MSC v.1935 64 bit (AMD64)]', 'platform': 'Windows-10-10.0.22621-SP0', 'event': 'train'}
INFO:gensim.models.word2vec:EPOCH 0 - PROGRESS: at 2.79% examples, 63523 words/s, in_qsize 0, out_qsize 0
INFO:gensim.models.word2vec:EPOCH 0 - PROGRESS: at 5.80% examples, 64452 words/s, in_qsize 0, out_qsize 0
INFO:gensim.models.word2vec:EPOCH 0 - PROGRESS: at 9.02% examples, 67436 words/s, in_qsize 0, out_qsize 0
INFO:gensim.models.word2vec:EPOCH 0 - PROGRESS: at 12.03% examples, 67965 words/s, in_qsize 0, out_qsize 0
INFO:gensim.models.word2vec:EPOCH 0 - PROGRESS: at 15.04% examples, 68327 words/s, in_qsize 0, out_qsize 0
INFO:gensim.models.word2vec:EPOCH 0 - PROGRESS: at 18.05% examples, 68373 words/s, in_qsize 0, out_qsize 0
INFO:gensim.models.word2vec:EPOCH 0 - PROGRESS: at 21.06% examples, 68474 words/s, in_qsize 0, out_qsize 0
INFO:gensim.models.word2vec:EPOCH 0 - PROGRESS: at 24.28% examples, 69063 words/s, in_qsize 0, out_qsize 0
INFO:gensim.models.word2vec:EPOCH 0 - PROGRESS: at 27.29% examples, 69242 words/s, in_qsize 0, out_qsize 0
INFO:gensim.models.word2vec:EPOCH 0 - PROGRESS: at 30.30% examples, 68948 words/s, in_qsize 0, out_qsize 0
INFO:gensim.models.word2vec:EPOCH 0 - PROGRESS: at 33.31% examples, 69083 words/s, in_qsize 0, out_qsize 0
INFO:gensim.models.word2vec:EPOCH 0 - PROGRESS: at 36.53% examples, 69541 words/s, in_qsize 1, out_qsize 0
INFO:gensim.models.word2vec:EPOCH 0 - PROGRESS: at 39.54% examples, 69542 words/s, in_qsize 1, out_qsize 0
INFO:gensim.models.word2vec:EPOCH 0 - PROGRESS: at 42.33% examples, 69142 words/s, in_qsize 0, out_qsize 1
INFO:gensim.models.word2vec:EPOCH 0 - PROGRESS: at 45.56% examples, 69524 words/s, in_qsize 0, out_qsize 0
INFO:gensim.models.word2vec:EPOCH 0 - PROGRESS: at 48.56% examples, 69455 words/s, in_qsize 0, out_qsize 0
INFO:gensim.models.word2vec:EPOCH 0 - PROGRESS: at 51.79% examples, 69680 words/s, in_qsize 1, out_qsize 0
INFO:gensim.models.word2vec:EPOCH 0 - PROGRESS: at 54.80% examples, 69674 words/s, in_qsize 0, out_qsize 0
INFO:gensim.models.word2vec:EPOCH 0 - PROGRESS: at 57.81% examples, 69679 words/s, in_qsize 0, out_qsize 0
INFO:gensim.models.word2vec:EPOCH 0 - PROGRESS: at 60.81% examples, 69765 words/s, in_qsize 1, out_qsize 0
INFO:gensim.models.word2vec:EPOCH 0 - PROGRESS: at 63.82% examples, 69785 words/s, in_qsize 1, out_qsize 0
INFO:gensim.models.word2vec:EPOCH 0 - PROGRESS: at 66.83% examples, 69772 words/s, in_qsize 0, out_qsize 0
INFO:gensim.models.word2vec:EPOCH 0 - PROGRESS: at 69.84% examples, 69804 words/s, in_qsize 0, out_qsize 0
INFO:gensim.models.word2vec:EPOCH 0 - PROGRESS: at 72.85% examples, 69841 words/s, in_qsize 0, out_qsize 0
INFO:gensim.models.word2vec:EPOCH 0 - PROGRESS: at 75.86% examples, 69881 words/s, in_qsize 0, out_qsize 0
INFO:gensim.models.word2vec:EPOCH 0 - PROGRESS: at 78.87% examples, 69848 words/s, in_qsize 0, out_qsize 0
INFO:gensim.models.word2vec:EPOCH 0 - PROGRESS: at 81.87% examples, 69730 words/s, in_qsize 0, out_qsize 0
INFO:gensim.models.word2vec:EPOCH 0 - PROGRESS: at 85.10% examples, 69911 words/s, in_qsize 0, out_qsize 0
INFO:gensim.models.word2vec:EPOCH 0 - PROGRESS: at 88.11% examples, 69951 words/s, in_qsize 0, out_qsize 0
INFO:gensim.models.word2vec:EPOCH 0 - PROGRESS: at 91.12% examples, 69881 words/s, in_qsize 0, out_qsize 0
INFO:gensim.models.word2vec:EPOCH 0 - PROGRESS: at 94.34% examples, 69913 words/s, in_qsize 1, out_qsize 0
INFO:gensim.models.word2vec:EPOCH 0 - PROGRESS: at 97.35% examples, 69854 words/s, in_qsize 0, out_qsize 0
INFO:gensim.models.word2vec:EPOCH 0: training on 4643403 raw words (2380356 effective words) took 34.0s, 69999 effective words/s
INFO:root:Loss after epoch 0: 40704712.0
INFO:gensim.models.word2vec:EPOCH 1 - PROGRESS: at 2.58% examples, 57816 words/s, in_qsize 1, out_qsize 0
INFO:gensim.models.word2vec:EPOCH 1 - PROGRESS: at 5.16% examples, 59505 words/s, in_qsize 0, out_qsize 0
INFO:gensim.models.word2vec:EPOCH 1 - PROGRESS: at 6.66% examples, 51426 words/s, in_qsize 0, out_qsize 0
INFO:gensim.models.word2vec:EPOCH 1 - PROGRESS: at 8.16% examples, 45658 words/s, in_qsize 0, out_qsize 0
INFO:gensim.models.word2vec:EPOCH 1 - PROGRESS: at 9.67% examples, 42814 words/s, in_qsize 0, out_qsize 0
INFO:gensim.models.word2vec:EPOCH 1 - PROGRESS: at 10.96% examples, 40578 words/s, in_qsize 0, out_qsize 0
INFO:gensim.models.word2vec:EPOCH 1 - PROGRESS: at 12.46% examples, 39347 words/s, in_qsize 0, out_qsize 0
INFO:gensim.models.word2vec:EPOCH 1 - PROGRESS: at 13.97% examples, 38155 words/s, in_qsize 0, out_qsize 0
INFO:gensim.models.word2vec:EPOCH 1 - PROGRESS: at 15.26% examples, 37202 words/s, in_qsize 0, out_qsize 0
INFO:gensim.models.word2vec:EPOCH 1 - PROGRESS: at 16.76% examples, 36742 words/s, in_qsize 0, out_qsize 0
INFO:gensim.models.word2vec:EPOCH 1 - PROGRESS: at 18.26% examples, 36041 words/s, in_qsize 0, out_qsize 0
INFO:gensim.models.word2vec:EPOCH 1 - PROGRESS: at 19.77% examples, 35645 words/s, in_qsize 0, out_qsize 0
INFO:gensim.models.word2vec:EPOCH 1 - PROGRESS: at 21.27% examples, 35355 words/s, in_qsize 0, out_qsize 0
INFO:gensim.models.word2vec:EPOCH 1 - PROGRESS: at 22.78% examples, 35108 words/s, in_qsize 0, out_qsize 0
INFO:gensim.models.word2vec:EPOCH 1 - PROGRESS: at 24.07% examples, 34816 words/s, in_qsize 0, out_qsize 0
INFO:gensim.models.word2vec:EPOCH 1 - PROGRESS: at 25.57% examples, 34535 words/s, in_qsize 0, out_qsize 0
INFO:gensim.models.word2vec:EPOCH 1 - PROGRESS: at 27.08% examples, 34394 words/s, in_qsize 0, out_qsize 0
INFO:gensim.models.word2vec:EPOCH 1 - PROGRESS: at 28.58% examples, 34208 words/s, in_qsize 0, out_qsize 0
INFO:gensim.models.word2vec:EPOCH 1 - PROGRESS: at 30.08% examples, 34074 words/s, in_qsize 1, out_qsize 0
INFO:gensim.models.word2vec:EPOCH 1 - PROGRESS: at 31.37% examples, 33899 words/s, in_qsize 0, out_qsize 0
INFO:gensim.models.word2vec:EPOCH 1 - PROGRESS: at 32.88% examples, 33768 words/s, in_qsize 0, out_qsize 0
INFO:gensim.models.word2vec:EPOCH 1 - PROGRESS: at 34.17% examples, 33626 words/s, in_qsize 0, out_qsize 0
INFO:gensim.models.word2vec:EPOCH 1 - PROGRESS: at 35.46% examples, 33451 words/s, in_qsize 0, out_qsize 0
INFO:gensim.models.word2vec:EPOCH 1 - PROGRESS: at 36.96% examples, 33361 words/s, in_qsize 0, out_qsize 0
INFO:gensim.models.word2vec:EPOCH 1 - PROGRESS: at 38.46% examples, 33290 words/s, in_qsize 0, out_qsize 0
INFO:gensim.models.word2vec:EPOCH 1 - PROGRESS: at 39.97% examples, 33194 words/s, in_qsize 0, out_qsize 0
INFO:gensim.models.word2vec:EPOCH 1 - PROGRESS: at 41.47% examples, 33195 words/s, in_qsize 0, out_qsize 0
INFO:gensim.models.word2vec:EPOCH 1 - PROGRESS: at 42.76% examples, 33020 words/s, in_qsize 1, out_qsize 0
INFO:gensim.models.word2vec:EPOCH 1 - PROGRESS: at 44.27% examples, 32958 words/s, in_qsize 0, out_qsize 0
INFO:gensim.models.word2vec:EPOCH 1 - PROGRESS: at 45.77% examples, 32904 words/s, in_qsize 0, out_qsize 0
INFO:gensim.models.word2vec:EPOCH 1 - PROGRESS: at 47.27% examples, 32880 words/s, in_qsize 0, out_qsize 0
INFO:gensim.models.word2vec:EPOCH 1 - PROGRESS: at 49.21% examples, 33240 words/s, in_qsize 0, out_qsize 0
INFO:gensim.models.word2vec:EPOCH 1 - PROGRESS: at 52.00% examples, 34085 words/s, in_qsize 0, out_qsize 0
INFO:gensim.models.word2vec:EPOCH 1 - PROGRESS: at 55.01% examples, 34996 words/s, in_qsize 0, out_qsize 0
INFO:gensim.models.word2vec:EPOCH 1 - PROGRESS: at 57.81% examples, 35791 words/s, in_qsize 0, out_qsize 0
INFO:gensim.models.word2vec:EPOCH 1 - PROGRESS: at 60.60% examples, 36542 words/s, in_qsize 0, out_qsize 0
INFO:gensim.models.word2vec:EPOCH 1 - PROGRESS: at 63.39% examples, 37263 words/s, in_qsize 1, out_qsize 0
INFO:gensim.models.word2vec:EPOCH 1 - PROGRESS: at 66.19% examples, 37878 words/s, in_qsize 0, out_qsize 1
INFO:gensim.models.word2vec:EPOCH 1 - PROGRESS: at 69.20% examples, 38631 words/s, in_qsize 1, out_qsize 0
INFO:gensim.models.word2vec:EPOCH 1 - PROGRESS: at 71.99% examples, 39245 words/s, in_qsize 0, out_qsize 0
INFO:gensim.models.word2vec:EPOCH 1 - PROGRESS: at 74.57% examples, 39715 words/s, in_qsize 0, out_qsize 0
INFO:gensim.models.word2vec:EPOCH 1 - PROGRESS: at 76.93% examples, 40015 words/s, in_qsize 0, out_qsize 0
INFO:gensim.models.word2vec:EPOCH 1 - PROGRESS: at 79.30% examples, 40303 words/s, in_qsize 0, out_qsize 0
INFO:gensim.models.word2vec:EPOCH 1 - PROGRESS: at 81.66% examples, 40541 words/s, in_qsize 0, out_qsize 0
INFO:gensim.models.word2vec:EPOCH 1 - PROGRESS: at 84.02% examples, 40805 words/s, in_qsize 0, out_qsize 0
INFO:gensim.models.word2vec:EPOCH 1 - PROGRESS: at 86.17% examples, 41007 words/s, in_qsize 0, out_qsize 0
INFO:gensim.models.word2vec:EPOCH 1 - PROGRESS: at 88.75% examples, 41319 words/s, in_qsize 0, out_qsize 0
INFO:gensim.models.word2vec:EPOCH 1 - PROGRESS: at 91.12% examples, 41570 words/s, in_qsize 0, out_qsize 0
INFO:gensim.models.word2vec:EPOCH 1 - PROGRESS: at 93.48% examples, 41825 words/s, in_qsize 1, out_qsize 0
INFO:gensim.models.word2vec:EPOCH 1 - PROGRESS: at 95.63% examples, 41996 words/s, in_qsize 0, out_qsize 0
INFO:gensim.models.word2vec:EPOCH 1 - PROGRESS: at 97.99% examples, 42238 words/s, in_qsize 0, out_qsize 0
INFO:gensim.models.word2vec:EPOCH 1: training on 4643403 raw words (2379624 effective words) took 56.1s, 42455 effective words/s
INFO:root:Loss after epoch 1: 26497240.0
INFO:gensim.models.word2vec:EPOCH 2 - PROGRESS: at 2.36% examples, 52249 words/s, in_qsize 0, out_qsize 0
INFO:gensim.models.word2vec:EPOCH 2 - PROGRESS: at 4.94% examples, 56459 words/s, in_qsize 0, out_qsize 0
INFO:gensim.models.word2vec:EPOCH 2 - PROGRESS: at 7.52% examples, 57791 words/s, in_qsize 0, out_qsize 0
INFO:gensim.models.word2vec:EPOCH 2 - PROGRESS: at 10.10% examples, 57822 words/s, in_qsize 0, out_qsize 1
INFO:gensim.models.word2vec:EPOCH 2 - PROGRESS: at 13.32% examples, 61055 words/s, in_qsize 0, out_qsize 0
INFO:gensim.models.word2vec:EPOCH 2 - PROGRESS: at 16.33% examples, 62335 words/s, in_qsize 0, out_qsize 0
INFO:gensim.models.word2vec:EPOCH 2 - PROGRESS: at 19.55% examples, 64085 words/s, in_qsize 0, out_qsize 0
INFO:gensim.models.word2vec:EPOCH 2 - PROGRESS: at 22.56% examples, 64474 words/s, in_qsize 0, out_qsize 0
INFO:gensim.models.word2vec:EPOCH 2 - PROGRESS: at 25.57% examples, 64605 words/s, in_qsize 0, out_qsize 0
INFO:gensim.models.word2vec:EPOCH 2 - PROGRESS: at 28.58% examples, 65095 words/s, in_qsize 0, out_qsize 0
INFO:gensim.models.word2vec:EPOCH 2 - PROGRESS: at 32.02% examples, 66120 words/s, in_qsize 0, out_qsize 0
INFO:gensim.models.word2vec:EPOCH 2 - PROGRESS: at 35.24% examples, 66761 words/s, in_qsize 1, out_qsize 0
INFO:gensim.models.word2vec:EPOCH 2 - PROGRESS: at 38.46% examples, 67104 words/s, in_qsize 0, out_qsize 0
INFO:gensim.models.word2vec:EPOCH 2 - PROGRESS: at 41.69% examples, 67553 words/s, in_qsize 0, out_qsize 0
INFO:gensim.models.word2vec:EPOCH 2 - PROGRESS: at 44.91% examples, 67984 words/s, in_qsize 1, out_qsize 0
INFO:gensim.models.word2vec:EPOCH 2 - PROGRESS: at 47.92% examples, 68062 words/s, in_qsize 0, out_qsize 0
INFO:gensim.models.word2vec:EPOCH 2 - PROGRESS: at 51.14% examples, 68280 words/s, in_qsize 0, out_qsize 0
INFO:gensim.models.word2vec:EPOCH 2 - PROGRESS: at 54.37% examples, 68705 words/s, in_qsize 1, out_qsize 0
INFO:gensim.models.word2vec:EPOCH 2 - PROGRESS: at 57.38% examples, 68851 words/s, in_qsize 0, out_qsize 0
INFO:gensim.models.word2vec:EPOCH 2 - PROGRESS: at 60.38% examples, 68877 words/s, in_qsize 0, out_qsize 0
INFO:gensim.models.word2vec:EPOCH 2 - PROGRESS: at 63.61% examples, 69152 words/s, in_qsize 0, out_qsize 0
INFO:gensim.models.word2vec:EPOCH 2 - PROGRESS: at 66.62% examples, 69214 words/s, in_qsize 0, out_qsize 0
INFO:gensim.models.word2vec:EPOCH 2 - PROGRESS: at 69.84% examples, 69395 words/s, in_qsize 0, out_qsize 0
INFO:gensim.models.word2vec:EPOCH 2 - PROGRESS: at 72.85% examples, 69445 words/s, in_qsize 0, out_qsize 0
INFO:gensim.models.word2vec:EPOCH 2 - PROGRESS: at 75.64% examples, 69315 words/s, in_qsize 0, out_qsize 0
INFO:gensim.models.word2vec:EPOCH 2 - PROGRESS: at 78.87% examples, 69493 words/s, in_qsize 0, out_qsize 0
INFO:gensim.models.word2vec:EPOCH 2 - PROGRESS: at 81.87% examples, 69439 words/s, in_qsize 0, out_qsize 0
INFO:gensim.models.word2vec:EPOCH 2 - PROGRESS: at 84.67% examples, 69233 words/s, in_qsize 0, out_qsize 0
INFO:gensim.models.word2vec:EPOCH 2 - PROGRESS: at 87.68% examples, 69222 words/s, in_qsize 0, out_qsize 0
INFO:gensim.models.word2vec:EPOCH 2 - PROGRESS: at 90.69% examples, 69273 words/s, in_qsize 0, out_qsize 0
INFO:gensim.models.word2vec:EPOCH 2 - PROGRESS: at 93.69% examples, 69328 words/s, in_qsize 0, out_qsize 0
INFO:gensim.models.word2vec:EPOCH 2 - PROGRESS: at 96.70% examples, 69344 words/s, in_qsize 0, out_qsize 0
INFO:gensim.models.word2vec:EPOCH 2 - PROGRESS: at 99.50% examples, 69105 words/s, in_qsize 0, out_qsize 0
INFO:gensim.models.word2vec:EPOCH 2: training on 4643403 raw words (2379338 effective words) took 34.4s, 69266 effective words/s
INFO:root:Loss after epoch 2: 690872.0
INFO:gensim.models.word2vec:EPOCH 3 - PROGRESS: at 2.79% examples, 63221 words/s, in_qsize 0, out_qsize 0
INFO:gensim.models.word2vec:EPOCH 3 - PROGRESS: at 5.80% examples, 67194 words/s, in_qsize 1, out_qsize 0
INFO:gensim.models.word2vec:EPOCH 3 - PROGRESS: at 8.81% examples, 67626 words/s, in_qsize 0, out_qsize 0
INFO:gensim.models.word2vec:EPOCH 3 - PROGRESS: at 11.82% examples, 68432 words/s, in_qsize 0, out_qsize 0
INFO:gensim.models.word2vec:EPOCH 3 - PROGRESS: at 14.83% examples, 68869 words/s, in_qsize 0, out_qsize 0
INFO:gensim.models.word2vec:EPOCH 3 - PROGRESS: at 17.83% examples, 68881 words/s, in_qsize 0, out_qsize 0
INFO:gensim.models.word2vec:EPOCH 3 - PROGRESS: at 20.84% examples, 69157 words/s, in_qsize 0, out_qsize 0
INFO:gensim.models.word2vec:EPOCH 3 - PROGRESS: at 24.07% examples, 69993 words/s, in_qsize 0, out_qsize 0
INFO:gensim.models.word2vec:EPOCH 3 - PROGRESS: at 27.08% examples, 69684 words/s, in_qsize 0, out_qsize 0
INFO:gensim.models.word2vec:EPOCH 3 - PROGRESS: at 30.08% examples, 69768 words/s, in_qsize 0, out_qsize 0
INFO:gensim.models.word2vec:EPOCH 3 - PROGRESS: at 33.09% examples, 69873 words/s, in_qsize 0, out_qsize 0
INFO:gensim.models.word2vec:EPOCH 3 - PROGRESS: at 36.32% examples, 70073 words/s, in_qsize 0, out_qsize 0
INFO:gensim.models.word2vec:EPOCH 3 - PROGRESS: at 39.32% examples, 70124 words/s, in_qsize 0, out_qsize 0
INFO:gensim.models.word2vec:EPOCH 3 - PROGRESS: at 42.33% examples, 69998 words/s, in_qsize 0, out_qsize 0
INFO:gensim.models.word2vec:EPOCH 3 - PROGRESS: at 45.34% examples, 70063 words/s, in_qsize 0, out_qsize 0
INFO:gensim.models.word2vec:EPOCH 3 - PROGRESS: at 48.56% examples, 70225 words/s, in_qsize 0, out_qsize 0
INFO:gensim.models.word2vec:EPOCH 3 - PROGRESS: at 51.57% examples, 70168 words/s, in_qsize 0, out_qsize 0
INFO:gensim.models.word2vec:EPOCH 3 - PROGRESS: at 54.58% examples, 70166 words/s, in_qsize 0, out_qsize 0
INFO:gensim.models.word2vec:EPOCH 3 - PROGRESS: at 56.73% examples, 69021 words/s, in_qsize 3, out_qsize 0
INFO:gensim.models.word2vec:EPOCH 3 - PROGRESS: at 59.31% examples, 68534 words/s, in_qsize 5, out_qsize 0
INFO:gensim.models.word2vec:EPOCH 3 - PROGRESS: at 62.32% examples, 68352 words/s, in_qsize 5, out_qsize 0
INFO:gensim.models.word2vec:EPOCH 3 - PROGRESS: at 65.11% examples, 68173 words/s, in_qsize 5, out_qsize 0
INFO:gensim.models.word2vec:EPOCH 3 - PROGRESS: at 67.91% examples, 68097 words/s, in_qsize 5, out_qsize 0
INFO:gensim.models.word2vec:EPOCH 3 - PROGRESS: at 70.91% examples, 68214 words/s, in_qsize 4, out_qsize 1
INFO:gensim.models.word2vec:EPOCH 3 - PROGRESS: at 73.71% examples, 68113 words/s, in_qsize 4, out_qsize 1
INFO:gensim.models.word2vec:EPOCH 3 - PROGRESS: at 76.93% examples, 68336 words/s, in_qsize 4, out_qsize 0
INFO:gensim.models.word2vec:EPOCH 3 - PROGRESS: at 79.73% examples, 68130 words/s, in_qsize 5, out_qsize 0
INFO:gensim.models.word2vec:EPOCH 3 - PROGRESS: at 82.73% examples, 67973 words/s, in_qsize 5, out_qsize 0
INFO:gensim.models.word2vec:EPOCH 3 - PROGRESS: at 85.74% examples, 68045 words/s, in_qsize 5, out_qsize 0
INFO:gensim.models.word2vec:EPOCH 3 - PROGRESS: at 88.75% examples, 67749 words/s, in_qsize 6, out_qsize 0
INFO:gensim.models.word2vec:EPOCH 3 - PROGRESS: at 91.55% examples, 67707 words/s, in_qsize 5, out_qsize 0
INFO:gensim.models.word2vec:EPOCH 3 - PROGRESS: at 94.77% examples, 67610 words/s, in_qsize 5, out_qsize 0
INFO:gensim.models.word2vec:EPOCH 3 - PROGRESS: at 97.78% examples, 67549 words/s, in_qsize 5, out_qsize 0
INFO:gensim.models.word2vec:EPOCH 3: training on 4643403 raw words (2379195 effective words) took 34.7s, 68577 effective words/s
INFO:root:Loss after epoch 3: 451000.0
INFO:gensim.models.word2vec:EPOCH 4 - PROGRESS: at 2.79% examples, 64712 words/s, in_qsize 0, out_qsize 0
INFO:gensim.models.word2vec:EPOCH 4 - PROGRESS: at 5.80% examples, 67749 words/s, in_qsize 1, out_qsize 0
INFO:gensim.models.word2vec:EPOCH 4 - PROGRESS: at 8.81% examples, 68026 words/s, in_qsize 0, out_qsize 0
INFO:gensim.models.word2vec:EPOCH 4 - PROGRESS: at 11.82% examples, 68218 words/s, in_qsize 0, out_qsize 0
INFO:gensim.models.word2vec:EPOCH 4 - PROGRESS: at 14.61% examples, 67559 words/s, in_qsize 1, out_qsize 0
INFO:gensim.models.word2vec:EPOCH 4 - PROGRESS: at 17.62% examples, 67766 words/s, in_qsize 0, out_qsize 0
INFO:gensim.models.word2vec:EPOCH 4 - PROGRESS: at 20.63% examples, 67920 words/s, in_qsize 0, out_qsize 0
INFO:gensim.models.word2vec:EPOCH 4 - PROGRESS: at 23.42% examples, 67653 words/s, in_qsize 0, out_qsize 0
INFO:gensim.models.word2vec:EPOCH 4 - PROGRESS: at 26.43% examples, 67610 words/s, in_qsize 0, out_qsize 0
INFO:gensim.models.word2vec:EPOCH 4 - PROGRESS: at 29.65% examples, 68285 words/s, in_qsize 0, out_qsize 0
INFO:gensim.models.word2vec:EPOCH 4 - PROGRESS: at 32.66% examples, 68385 words/s, in_qsize 0, out_qsize 0
INFO:gensim.models.word2vec:EPOCH 4 - PROGRESS: at 35.67% examples, 68394 words/s, in_qsize 0, out_qsize 0
INFO:gensim.models.word2vec:EPOCH 4 - PROGRESS: at 38.68% examples, 68547 words/s, in_qsize 0, out_qsize 0
INFO:gensim.models.word2vec:EPOCH 4 - PROGRESS: at 41.69% examples, 68407 words/s, in_qsize 0, out_qsize 0
INFO:gensim.models.word2vec:EPOCH 4 - PROGRESS: at 44.70% examples, 68451 words/s, in_qsize 0, out_qsize 0
INFO:gensim.models.word2vec:EPOCH 4 - PROGRESS: at 47.70% examples, 68482 words/s, in_qsize 1, out_qsize 0
INFO:gensim.models.word2vec:EPOCH 4 - PROGRESS: at 50.71% examples, 68367 words/s, in_qsize 0, out_qsize 0
INFO:gensim.models.word2vec:EPOCH 4 - PROGRESS: at 53.51% examples, 68181 words/s, in_qsize 0, out_qsize 0
INFO:gensim.models.word2vec:EPOCH 4 - PROGRESS: at 56.30% examples, 68069 words/s, in_qsize 0, out_qsize 0
INFO:gensim.models.word2vec:EPOCH 4 - PROGRESS: at 59.31% examples, 67976 words/s, in_qsize 0, out_qsize 0
INFO:gensim.models.word2vec:EPOCH 4 - PROGRESS: at 62.10% examples, 67843 words/s, in_qsize 1, out_qsize 0
INFO:gensim.models.word2vec:EPOCH 4 - PROGRESS: at 64.68% examples, 67562 words/s, in_qsize 0, out_qsize 0
INFO:gensim.models.word2vec:EPOCH 4 - PROGRESS: at 67.48% examples, 67432 words/s, in_qsize 0, out_qsize 0
INFO:gensim.models.word2vec:EPOCH 4 - PROGRESS: at 70.70% examples, 67532 words/s, in_qsize 0, out_qsize 0
INFO:gensim.models.word2vec:EPOCH 4 - PROGRESS: at 73.71% examples, 67681 words/s, in_qsize 0, out_qsize 0
INFO:gensim.models.word2vec:EPOCH 4 - PROGRESS: at 76.72% examples, 67724 words/s, in_qsize 0, out_qsize 0
INFO:gensim.models.word2vec:EPOCH 4 - PROGRESS: at 79.73% examples, 67778 words/s, in_qsize 0, out_qsize 0
INFO:gensim.models.word2vec:EPOCH 4 - PROGRESS: at 82.52% examples, 67731 words/s, in_qsize 0, out_qsize 0
INFO:gensim.models.word2vec:EPOCH 4 - PROGRESS: at 85.53% examples, 67805 words/s, in_qsize 0, out_qsize 0
INFO:gensim.models.word2vec:EPOCH 4 - PROGRESS: at 88.32% examples, 67744 words/s, in_qsize 0, out_qsize 0
INFO:gensim.models.word2vec:EPOCH 4 - PROGRESS: at 91.55% examples, 67926 words/s, in_qsize 0, out_qsize 0
INFO:gensim.models.word2vec:EPOCH 4 - PROGRESS: at 94.55% examples, 67887 words/s, in_qsize 0, out_qsize 0
INFO:gensim.models.word2vec:EPOCH 4 - PROGRESS: at 97.78% examples, 68017 words/s, in_qsize 0, out_qsize 0
INFO:gensim.models.word2vec:EPOCH 4: training on 4643403 raw words (2379125 effective words) took 34.9s, 68161 effective words/s
INFO:root:Loss after epoch 4: 491264.0
INFO:gensim.utils:Word2Vec lifecycle event {'msg': 'training on 23217015 raw words (11897638 effective words) took 194.1s, 61303 effective words/s', 'datetime': '2023-11-06T20:52:13.503766', 'gensim': '4.3.2', 'python': '3.11.6 (tags/v3.11.6:8b6ee5b, Oct  2 2023, 14:57:12) [MSC v.1935 64 bit (AMD64)]', 'platform': 'Windows-10-10.0.22621-SP0', 'event': 'train'}
INFO:gensim.utils:Word2Vec lifecycle event {'params': 'Word2Vec<vocab=269, vector_size=256, alpha=0.025>', 'datetime': '2023-11-06T20:52:13.503766', 'gensim': '4.3.2', 'python': '3.11.6 (tags/v3.11.6:8b6ee5b, Oct  2 2023, 14:57:12) [MSC v.1935 64 bit (AMD64)]', 'platform': 'Windows-10-10.0.22621-SP0', 'event': 'created'}
INFO:gensim.models.keyedvectors:storing 269x256 projection weights into c:\Users\shwes\Projects\ML\mtg deckbuilding\MTG-card2vec/embeddings/ONE/embed_gensim.txt
INFO:gensim.utils:Word2Vec lifecycle event {'fname_or_handle': 'c:\\Users\\shwes\\Projects\\ML\\mtg deckbuilding\\MTG-card2vec/models/ONE/ONE.model', 'separately': 'None', 'sep_limit': 10485760, 'ignore': frozenset(), 'datetime': '2023-11-06T20:53:17.119910', 'gensim': '4.3.2', 'python': '3.11.6 (tags/v3.11.6:8b6ee5b, Oct  2 2023, 14:57:12) [MSC v.1935 64 bit (AMD64)]', 'platform': 'Windows-10-10.0.22621-SP0', 'event': 'saving'}
INFO:gensim.utils:not storing attribute cum_table
INFO:gensim.utils:saved c:\Users\shwes\Projects\ML\mtg deckbuilding\MTG-card2vec/models/ONE/ONE.model
INFO:gensim.models.word2vec:collecting all words and their counts
INFO:gensim.models.word2vec:collecting all words and their counts
INFO:gensim.models.word2vec:PROGRESS: at sentence #0, processed 0 words, keeping 0 word types
INFO:gensim.models.word2vec:PROGRESS: at sentence #10000, processed 400762 words, keeping 270 word types
INFO:gensim.models.word2vec:PROGRESS: at sentence #20000, processed 801520 words, keeping 270 word types
INFO:gensim.models.word2vec:PROGRESS: at sentence #30000, processed 1202252 words, keeping 270 word types
INFO:gensim.models.word2vec:PROGRESS: at sentence #40000, processed 1603091 words, keeping 270 word types
INFO:gensim.models.word2vec:PROGRESS: at sentence #50000, processed 2003911 words, keeping 270 word types
INFO:gensim.models.word2vec:PROGRESS: at sentence #60000, processed 2404656 words, keeping 270 word types
INFO:gensim.models.word2vec:PROGRESS: at sentence #70000, processed 2805384 words, keeping 270 word types
INFO:gensim.models.word2vec:PROGRESS: at sentence #80000, processed 3206066 words, keeping 270 word types
INFO:gensim.models.word2vec:PROGRESS: at sentence #90000, processed 3606808 words, keeping 270 word types
INFO:gensim.models.word2vec:PROGRESS: at sentence #100000, processed 4007611 words, keeping 270 word types
INFO:gensim.models.word2vec:PROGRESS: at sentence #110000, processed 4408356 words, keeping 270 word types
INFO:gensim.models.word2vec:collected 270 word types from a corpus of 4643403 raw words and 115865 sentences
INFO:gensim.models.word2vec:Creating a fresh vocabulary
INFO:gensim.utils:Word2Vec lifecycle event {'msg': 'effective_min_count=5 retains 269 unique words (99.63% of original 270, drops 1)', 'datetime': '2023-11-06T21:11:14.390402', 'gensim': '4.3.2', 'python': '3.11.6 (tags/v3.11.6:8b6ee5b, Oct  2 2023, 14:57:12) [MSC v.1935 64 bit (AMD64)]', 'platform': 'Windows-10-10.0.22621-SP0', 'event': 'prepare_vocab'}
INFO:gensim.utils:Word2Vec lifecycle event {'msg': 'effective_min_count=5 leaves 4643399 word corpus (100.00% of original 4643403, drops 4)', 'datetime': '2023-11-06T21:11:14.390402', 'gensim': '4.3.2', 'python': '3.11.6 (tags/v3.11.6:8b6ee5b, Oct  2 2023, 14:57:12) [MSC v.1935 64 bit (AMD64)]', 'platform': 'Windows-10-10.0.22621-SP0', 'event': 'prepare_vocab'}
INFO:gensim.models.word2vec:deleting the raw counts dictionary of 270 items
INFO:gensim.models.word2vec:sample=0.001 downsamples 97 most-common words
INFO:gensim.utils:Word2Vec lifecycle event {'msg': 'downsampling leaves estimated 2379141.7024999885 word corpus (51.2%% of prior 4643399)', 'datetime': '2023-11-06T21:11:14.390402', 'gensim': '4.3.2', 'python': '3.11.6 (tags/v3.11.6:8b6ee5b, Oct  2 2023, 14:57:12) [MSC v.1935 64 bit (AMD64)]', 'platform': 'Windows-10-10.0.22621-SP0', 'event': 'prepare_vocab'}
INFO:gensim.models.word2vec:estimated required memory for 269 words and 256 dimensions: 685412 bytes
INFO:gensim.models.word2vec:resetting layer weights
INFO:gensim.utils:Word2Vec lifecycle event {'update': False, 'trim_rule': 'None', 'datetime': '2023-11-06T21:11:14.390402', 'gensim': '4.3.2', 'python': '3.11.6 (tags/v3.11.6:8b6ee5b, Oct  2 2023, 14:57:12) [MSC v.1935 64 bit (AMD64)]', 'platform': 'Windows-10-10.0.22621-SP0', 'event': 'build_vocab'}
INFO:gensim.utils:Word2Vec lifecycle event {'msg': 'training model with 3 workers on 269 vocabulary and 256 features, using sg=1 hs=0 sample=0.001 negative=5 window=40 shrink_windows=True', 'datetime': '2023-11-06T21:11:14.390402', 'gensim': '4.3.2', 'python': '3.11.6 (tags/v3.11.6:8b6ee5b, Oct  2 2023, 14:57:12) [MSC v.1935 64 bit (AMD64)]', 'platform': 'Windows-10-10.0.22621-SP0', 'event': 'train'}
INFO:gensim.models.word2vec:EPOCH 0 - PROGRESS: at 3.22% examples, 67973 words/s, in_qsize 0, out_qsize 0
INFO:gensim.models.word2vec:EPOCH 0 - PROGRESS: at 6.45% examples, 72122 words/s, in_qsize 0, out_qsize 0
INFO:gensim.models.word2vec:EPOCH 0 - PROGRESS: at 9.45% examples, 71463 words/s, in_qsize 0, out_qsize 0
INFO:gensim.models.word2vec:EPOCH 0 - PROGRESS: at 12.68% examples, 72546 words/s, in_qsize 0, out_qsize 0
INFO:gensim.models.word2vec:EPOCH 0 - PROGRESS: at 15.90% examples, 72568 words/s, in_qsize 1, out_qsize 0
INFO:gensim.models.word2vec:EPOCH 0 - PROGRESS: at 19.12% examples, 72918 words/s, in_qsize 0, out_qsize 0
INFO:gensim.models.word2vec:EPOCH 0 - PROGRESS: at 22.35% examples, 72954 words/s, in_qsize 0, out_qsize 0
INFO:gensim.models.word2vec:EPOCH 0 - PROGRESS: at 25.79% examples, 73236 words/s, in_qsize 1, out_qsize 0
INFO:gensim.models.word2vec:EPOCH 0 - PROGRESS: at 29.01% examples, 73419 words/s, in_qsize 1, out_qsize 0
INFO:gensim.models.word2vec:EPOCH 0 - PROGRESS: at 32.23% examples, 73587 words/s, in_qsize 0, out_qsize 0
INFO:gensim.models.word2vec:EPOCH 0 - PROGRESS: at 35.46% examples, 73483 words/s, in_qsize 0, out_qsize 0
INFO:gensim.models.word2vec:EPOCH 0 - PROGRESS: at 38.68% examples, 73396 words/s, in_qsize 0, out_qsize 0
INFO:gensim.models.word2vec:EPOCH 0 - PROGRESS: at 41.90% examples, 73272 words/s, in_qsize 0, out_qsize 0
INFO:gensim.models.word2vec:EPOCH 0 - PROGRESS: at 45.13% examples, 73412 words/s, in_qsize 0, out_qsize 0
INFO:gensim.models.word2vec:EPOCH 0 - PROGRESS: at 48.35% examples, 73484 words/s, in_qsize 1, out_qsize 0
INFO:gensim.models.word2vec:EPOCH 0 - PROGRESS: at 51.57% examples, 73475 words/s, in_qsize 0, out_qsize 0
INFO:gensim.models.word2vec:EPOCH 0 - PROGRESS: at 54.80% examples, 73475 words/s, in_qsize 0, out_qsize 0
INFO:gensim.models.word2vec:EPOCH 0 - PROGRESS: at 58.02% examples, 73368 words/s, in_qsize 0, out_qsize 0
INFO:gensim.models.word2vec:EPOCH 0 - PROGRESS: at 61.24% examples, 73490 words/s, in_qsize 0, out_qsize 0
INFO:gensim.models.word2vec:EPOCH 0 - PROGRESS: at 64.47% examples, 73334 words/s, in_qsize 0, out_qsize 0
INFO:gensim.models.word2vec:EPOCH 0 - PROGRESS: at 67.91% examples, 73324 words/s, in_qsize 0, out_qsize 0
INFO:gensim.models.word2vec:EPOCH 0 - PROGRESS: at 71.35% examples, 73465 words/s, in_qsize 0, out_qsize 0
INFO:gensim.models.word2vec:EPOCH 0 - PROGRESS: at 74.57% examples, 73348 words/s, in_qsize 0, out_qsize 0
INFO:gensim.models.word2vec:EPOCH 0 - PROGRESS: at 77.79% examples, 73457 words/s, in_qsize 0, out_qsize 0
INFO:gensim.models.word2vec:EPOCH 0 - PROGRESS: at 81.02% examples, 73463 words/s, in_qsize 0, out_qsize 0
INFO:gensim.models.word2vec:EPOCH 0 - PROGRESS: at 84.24% examples, 73428 words/s, in_qsize 0, out_qsize 0
INFO:gensim.models.word2vec:EPOCH 0 - PROGRESS: at 87.46% examples, 73420 words/s, in_qsize 0, out_qsize 0
INFO:gensim.models.word2vec:EPOCH 0 - PROGRESS: at 90.47% examples, 73358 words/s, in_qsize 0, out_qsize 0
INFO:gensim.models.word2vec:EPOCH 0 - PROGRESS: at 93.91% examples, 73531 words/s, in_qsize 0, out_qsize 0
INFO:gensim.models.word2vec:EPOCH 0 - PROGRESS: at 96.92% examples, 73438 words/s, in_qsize 0, out_qsize 0
INFO:gensim.models.word2vec:EPOCH 0: training on 4643403 raw words (2379251 effective words) took 32.4s, 73490 effective words/s
INFO:root:Loss after epoch 0: 40395920.0
INFO:gensim.models.word2vec:EPOCH 1 - PROGRESS: at 3.01% examples, 68216 words/s, in_qsize 1, out_qsize 0
INFO:gensim.models.word2vec:EPOCH 1 - PROGRESS: at 6.23% examples, 69429 words/s, in_qsize 0, out_qsize 0
INFO:gensim.models.word2vec:EPOCH 1 - PROGRESS: at 9.45% examples, 71182 words/s, in_qsize 0, out_qsize 0
INFO:gensim.models.word2vec:EPOCH 1 - PROGRESS: at 12.68% examples, 72221 words/s, in_qsize 0, out_qsize 0
INFO:gensim.models.word2vec:EPOCH 1 - PROGRESS: at 15.90% examples, 72128 words/s, in_qsize 0, out_qsize 0
INFO:gensim.models.word2vec:EPOCH 1 - PROGRESS: at 19.12% examples, 72714 words/s, in_qsize 0, out_qsize 0
INFO:gensim.models.word2vec:EPOCH 1 - PROGRESS: at 22.35% examples, 72543 words/s, in_qsize 0, out_qsize 0
INFO:gensim.models.word2vec:EPOCH 1 - PROGRESS: at 25.57% examples, 72200 words/s, in_qsize 1, out_qsize 0
INFO:gensim.models.word2vec:EPOCH 1 - PROGRESS: at 29.01% examples, 72729 words/s, in_qsize 0, out_qsize 0
INFO:gensim.models.word2vec:EPOCH 1 - PROGRESS: at 32.23% examples, 72817 words/s, in_qsize 1, out_qsize 0
INFO:gensim.models.word2vec:EPOCH 1 - PROGRESS: at 35.46% examples, 72907 words/s, in_qsize 1, out_qsize 0
INFO:gensim.models.word2vec:EPOCH 1 - PROGRESS: at 38.68% examples, 72862 words/s, in_qsize 1, out_qsize 0
INFO:gensim.models.word2vec:EPOCH 1 - PROGRESS: at 41.90% examples, 72951 words/s, in_qsize 0, out_qsize 0
INFO:gensim.models.word2vec:EPOCH 1 - PROGRESS: at 44.91% examples, 72856 words/s, in_qsize 0, out_qsize 0
INFO:gensim.models.word2vec:EPOCH 1 - PROGRESS: at 48.14% examples, 72868 words/s, in_qsize 0, out_qsize 0
INFO:gensim.models.word2vec:EPOCH 1 - PROGRESS: at 51.36% examples, 72712 words/s, in_qsize 1, out_qsize 0
INFO:gensim.models.word2vec:EPOCH 1 - PROGRESS: at 54.58% examples, 72891 words/s, in_qsize 0, out_qsize 0
INFO:gensim.models.word2vec:EPOCH 1 - PROGRESS: at 58.02% examples, 72854 words/s, in_qsize 0, out_qsize 0
INFO:gensim.models.word2vec:EPOCH 1 - PROGRESS: at 61.46% examples, 72926 words/s, in_qsize 0, out_qsize 0
INFO:gensim.models.word2vec:EPOCH 1 - PROGRESS: at 64.47% examples, 72274 words/s, in_qsize 0, out_qsize 1
INFO:gensim.models.word2vec:EPOCH 1 - PROGRESS: at 66.83% examples, 71497 words/s, in_qsize 5, out_qsize 0
INFO:gensim.models.word2vec:EPOCH 1 - PROGRESS: at 69.84% examples, 71511 words/s, in_qsize 5, out_qsize 0
INFO:gensim.models.word2vec:EPOCH 1 - PROGRESS: at 72.85% examples, 71266 words/s, in_qsize 5, out_qsize 1
INFO:gensim.models.word2vec:EPOCH 1 - PROGRESS: at 76.93% examples, 72143 words/s, in_qsize 2, out_qsize 0
INFO:gensim.models.word2vec:EPOCH 1 - PROGRESS: at 79.30% examples, 71521 words/s, in_qsize 5, out_qsize 0
INFO:gensim.models.word2vec:EPOCH 1 - PROGRESS: at 82.74% examples, 71523 words/s, in_qsize 5, out_qsize 0
INFO:gensim.models.word2vec:EPOCH 1 - PROGRESS: at 85.96% examples, 71586 words/s, in_qsize 4, out_qsize 0
INFO:gensim.models.word2vec:EPOCH 1 - PROGRESS: at 89.40% examples, 71918 words/s, in_qsize 3, out_qsize 0
INFO:gensim.models.word2vec:EPOCH 1 - PROGRESS: at 93.69% examples, 72813 words/s, in_qsize 0, out_qsize 0
INFO:gensim.models.word2vec:EPOCH 1 - PROGRESS: at 96.92% examples, 72823 words/s, in_qsize 0, out_qsize 0
INFO:gensim.models.word2vec:EPOCH 1: training on 4643403 raw words (2379120 effective words) took 32.6s, 72954 effective words/s
INFO:root:Loss after epoch 1: 19664924.0
INFO:gensim.models.word2vec:EPOCH 2 - PROGRESS: at 2.79% examples, 65530 words/s, in_qsize 0, out_qsize 0
INFO:gensim.models.word2vec:EPOCH 2 - PROGRESS: at 6.02% examples, 69936 words/s, in_qsize 0, out_qsize 0
INFO:gensim.models.word2vec:EPOCH 2 - PROGRESS: at 9.24% examples, 71428 words/s, in_qsize 1, out_qsize 0
INFO:gensim.models.word2vec:EPOCH 2 - PROGRESS: at 12.25% examples, 71024 words/s, in_qsize 0, out_qsize 0
INFO:gensim.models.word2vec:EPOCH 2 - PROGRESS: at 15.47% examples, 70933 words/s, in_qsize 0, out_qsize 0
INFO:gensim.models.word2vec:EPOCH 2 - PROGRESS: at 18.70% examples, 71797 words/s, in_qsize 1, out_qsize 0
INFO:gensim.models.word2vec:EPOCH 2 - PROGRESS: at 21.92% examples, 72084 words/s, in_qsize 0, out_qsize 0
INFO:gensim.models.word2vec:EPOCH 2 - PROGRESS: at 24.93% examples, 72001 words/s, in_qsize 0, out_qsize 0
INFO:gensim.models.word2vec:EPOCH 2 - PROGRESS: at 27.94% examples, 71791 words/s, in_qsize 0, out_qsize 0
INFO:gensim.models.word2vec:EPOCH 2 - PROGRESS: at 31.37% examples, 72437 words/s, in_qsize 0, out_qsize 0
INFO:gensim.models.word2vec:EPOCH 2 - PROGRESS: at 34.38% examples, 72138 words/s, in_qsize 0, out_qsize 0
INFO:gensim.models.word2vec:EPOCH 2 - PROGRESS: at 37.39% examples, 72085 words/s, in_qsize 0, out_qsize 0
INFO:gensim.models.word2vec:EPOCH 2 - PROGRESS: at 40.40% examples, 71976 words/s, in_qsize 0, out_qsize 0
INFO:gensim.models.word2vec:EPOCH 2 - PROGRESS: at 43.84% examples, 72409 words/s, in_qsize 0, out_qsize 0
INFO:gensim.models.word2vec:EPOCH 2 - PROGRESS: at 47.06% examples, 72185 words/s, in_qsize 0, out_qsize 0
INFO:gensim.models.word2vec:EPOCH 2 - PROGRESS: at 50.29% examples, 72423 words/s, in_qsize 1, out_qsize 0
INFO:gensim.models.word2vec:EPOCH 2 - PROGRESS: at 53.51% examples, 72551 words/s, in_qsize 0, out_qsize 0
INFO:gensim.models.word2vec:EPOCH 2 - PROGRESS: at 56.73% examples, 72491 words/s, in_qsize 1, out_qsize 0
INFO:gensim.models.word2vec:EPOCH 2 - PROGRESS: at 59.96% examples, 72506 words/s, in_qsize 0, out_qsize 0
INFO:gensim.models.word2vec:EPOCH 2 - PROGRESS: at 63.18% examples, 72549 words/s, in_qsize 0, out_qsize 0
INFO:gensim.models.word2vec:EPOCH 2 - PROGRESS: at 66.40% examples, 72548 words/s, in_qsize 0, out_qsize 0
INFO:gensim.models.word2vec:EPOCH 2 - PROGRESS: at 69.41% examples, 72372 words/s, in_qsize 1, out_qsize 0
INFO:gensim.models.word2vec:EPOCH 2 - PROGRESS: at 72.63% examples, 72498 words/s, in_qsize 0, out_qsize 0
INFO:gensim.models.word2vec:EPOCH 2 - PROGRESS: at 75.86% examples, 72494 words/s, in_qsize 0, out_qsize 0
INFO:gensim.models.word2vec:EPOCH 2 - PROGRESS: at 79.08% examples, 72518 words/s, in_qsize 0, out_qsize 0
INFO:gensim.models.word2vec:EPOCH 2 - PROGRESS: at 82.31% examples, 72561 words/s, in_qsize 0, out_qsize 0
INFO:gensim.models.word2vec:EPOCH 2 - PROGRESS: at 85.31% examples, 72420 words/s, in_qsize 0, out_qsize 0
INFO:gensim.models.word2vec:EPOCH 2 - PROGRESS: at 88.54% examples, 72494 words/s, in_qsize 0, out_qsize 0
INFO:gensim.models.word2vec:EPOCH 2 - PROGRESS: at 91.76% examples, 72573 words/s, in_qsize 0, out_qsize 0
INFO:gensim.models.word2vec:EPOCH 2 - PROGRESS: at 94.98% examples, 72596 words/s, in_qsize 0, out_qsize 0
INFO:gensim.models.word2vec:EPOCH 2 - PROGRESS: at 97.99% examples, 72557 words/s, in_qsize 0, out_qsize 0
INFO:gensim.models.word2vec:EPOCH 2: training on 4643403 raw words (2378821 effective words) took 32.7s, 72736 effective words/s
INFO:root:Loss after epoch 2: 7609164.0
INFO:gensim.models.word2vec:EPOCH 3 - PROGRESS: at 2.79% examples, 62876 words/s, in_qsize 0, out_qsize 0
INFO:gensim.models.word2vec:EPOCH 3 - PROGRESS: at 6.02% examples, 67585 words/s, in_qsize 0, out_qsize 0
INFO:gensim.models.word2vec:EPOCH 3 - PROGRESS: at 9.24% examples, 70138 words/s, in_qsize 0, out_qsize 0
INFO:gensim.models.word2vec:EPOCH 3 - PROGRESS: at 12.46% examples, 69651 words/s, in_qsize 0, out_qsize 0
INFO:gensim.models.word2vec:EPOCH 3 - PROGRESS: at 15.69% examples, 69885 words/s, in_qsize 0, out_qsize 1
INFO:gensim.models.word2vec:EPOCH 3 - PROGRESS: at 19.12% examples, 70854 words/s, in_qsize 0, out_qsize 0
INFO:gensim.models.word2vec:EPOCH 3 - PROGRESS: at 22.35% examples, 70714 words/s, in_qsize 0, out_qsize 0
INFO:gensim.models.word2vec:EPOCH 3 - PROGRESS: at 25.57% examples, 70985 words/s, in_qsize 0, out_qsize 0
INFO:gensim.models.word2vec:EPOCH 3 - PROGRESS: at 28.58% examples, 71052 words/s, in_qsize 0, out_qsize 0
INFO:gensim.models.word2vec:EPOCH 3 - PROGRESS: at 31.80% examples, 71002 words/s, in_qsize 0, out_qsize 0
INFO:gensim.models.word2vec:EPOCH 3 - PROGRESS: at 35.03% examples, 70978 words/s, in_qsize 0, out_qsize 1
INFO:gensim.models.word2vec:EPOCH 3 - PROGRESS: at 38.25% examples, 71365 words/s, in_qsize 0, out_qsize 0
INFO:gensim.models.word2vec:EPOCH 3 - PROGRESS: at 41.26% examples, 71237 words/s, in_qsize 0, out_qsize 0
INFO:gensim.models.word2vec:EPOCH 3 - PROGRESS: at 44.48% examples, 71235 words/s, in_qsize 0, out_qsize 1
INFO:gensim.models.word2vec:EPOCH 3 - PROGRESS: at 47.92% examples, 71734 words/s, in_qsize 0, out_qsize 0
INFO:gensim.models.word2vec:EPOCH 3 - PROGRESS: at 50.93% examples, 71662 words/s, in_qsize 0, out_qsize 0
INFO:gensim.models.word2vec:EPOCH 3 - PROGRESS: at 54.15% examples, 71507 words/s, in_qsize 0, out_qsize 0
INFO:gensim.models.word2vec:EPOCH 3 - PROGRESS: at 57.38% examples, 71486 words/s, in_qsize 0, out_qsize 0
INFO:gensim.models.word2vec:EPOCH 3 - PROGRESS: at 60.60% examples, 71712 words/s, in_qsize 0, out_qsize 0
INFO:gensim.models.word2vec:EPOCH 3 - PROGRESS: at 63.61% examples, 71633 words/s, in_qsize 0, out_qsize 0
INFO:gensim.models.word2vec:EPOCH 3 - PROGRESS: at 66.62% examples, 71606 words/s, in_qsize 0, out_qsize 0
INFO:gensim.models.word2vec:EPOCH 3 - PROGRESS: at 69.63% examples, 71530 words/s, in_qsize 1, out_qsize 0
INFO:gensim.models.word2vec:EPOCH 3 - PROGRESS: at 72.85% examples, 71731 words/s, in_qsize 0, out_qsize 0
INFO:gensim.models.word2vec:EPOCH 3 - PROGRESS: at 76.07% examples, 71756 words/s, in_qsize 0, out_qsize 0
INFO:gensim.models.word2vec:EPOCH 3 - PROGRESS: at 79.30% examples, 71770 words/s, in_qsize 0, out_qsize 0
INFO:gensim.models.word2vec:EPOCH 3 - PROGRESS: at 82.31% examples, 71647 words/s, in_qsize 0, out_qsize 0
INFO:gensim.models.word2vec:EPOCH 3 - PROGRESS: at 85.53% examples, 71650 words/s, in_qsize 0, out_qsize 0
INFO:gensim.models.word2vec:EPOCH 3 - PROGRESS: at 88.54% examples, 71557 words/s, in_qsize 0, out_qsize 0
INFO:gensim.models.word2vec:EPOCH 3 - PROGRESS: at 91.33% examples, 71241 words/s, in_qsize 0, out_qsize 0
INFO:gensim.models.word2vec:EPOCH 3 - PROGRESS: at 94.55% examples, 71323 words/s, in_qsize 0, out_qsize 0
INFO:gensim.models.word2vec:EPOCH 3 - PROGRESS: at 97.56% examples, 71257 words/s, in_qsize 0, out_qsize 0
INFO:gensim.models.word2vec:EPOCH 3: training on 4643403 raw words (2378008 effective words) took 33.3s, 71460 effective words/s
INFO:root:Loss after epoch 3: 579200.0
INFO:gensim.models.word2vec:EPOCH 4 - PROGRESS: at 2.79% examples, 64708 words/s, in_qsize 0, out_qsize 0
INFO:gensim.models.word2vec:EPOCH 4 - PROGRESS: at 6.02% examples, 69047 words/s, in_qsize 0, out_qsize 0
INFO:gensim.models.word2vec:EPOCH 4 - PROGRESS: at 9.24% examples, 70781 words/s, in_qsize 0, out_qsize 0
INFO:gensim.models.word2vec:EPOCH 4 - PROGRESS: at 12.46% examples, 71965 words/s, in_qsize 0, out_qsize 0
INFO:gensim.models.word2vec:EPOCH 4 - PROGRESS: at 15.47% examples, 71757 words/s, in_qsize 0, out_qsize 0
INFO:gensim.models.word2vec:EPOCH 4 - PROGRESS: at 18.70% examples, 71954 words/s, in_qsize 0, out_qsize 0
INFO:gensim.models.word2vec:EPOCH 4 - PROGRESS: at 21.92% examples, 72464 words/s, in_qsize 0, out_qsize 0
INFO:gensim.models.word2vec:EPOCH 4 - PROGRESS: at 24.93% examples, 72305 words/s, in_qsize 0, out_qsize 0
INFO:gensim.models.word2vec:EPOCH 4 - PROGRESS: at 28.15% examples, 72695 words/s, in_qsize 0, out_qsize 0
INFO:gensim.models.word2vec:EPOCH 4 - PROGRESS: at 31.37% examples, 73038 words/s, in_qsize 0, out_qsize 0
INFO:gensim.models.word2vec:EPOCH 4 - PROGRESS: at 34.38% examples, 72907 words/s, in_qsize 0, out_qsize 0
INFO:gensim.models.word2vec:EPOCH 4 - PROGRESS: at 37.61% examples, 73132 words/s, in_qsize 0, out_qsize 0
INFO:gensim.models.word2vec:EPOCH 4 - PROGRESS: at 41.04% examples, 73262 words/s, in_qsize 0, out_qsize 0
INFO:gensim.models.word2vec:EPOCH 4 - PROGRESS: at 44.27% examples, 73303 words/s, in_qsize 0, out_qsize 0
INFO:gensim.models.word2vec:EPOCH 4 - PROGRESS: at 47.49% examples, 73394 words/s, in_qsize 0, out_qsize 0
INFO:gensim.models.word2vec:EPOCH 4 - PROGRESS: at 50.93% examples, 73473 words/s, in_qsize 0, out_qsize 0
INFO:gensim.models.word2vec:EPOCH 4 - PROGRESS: at 54.15% examples, 73540 words/s, in_qsize 1, out_qsize 0
INFO:gensim.models.word2vec:EPOCH 4 - PROGRESS: at 57.38% examples, 73546 words/s, in_qsize 1, out_qsize 0
INFO:gensim.models.word2vec:EPOCH 4 - PROGRESS: at 60.60% examples, 73685 words/s, in_qsize 0, out_qsize 0
INFO:gensim.models.word2vec:EPOCH 4 - PROGRESS: at 63.61% examples, 73558 words/s, in_qsize 0, out_qsize 0
INFO:gensim.models.word2vec:EPOCH 4 - PROGRESS: at 66.83% examples, 73490 words/s, in_qsize 0, out_qsize 0
INFO:gensim.models.word2vec:EPOCH 4 - PROGRESS: at 70.27% examples, 73695 words/s, in_qsize 1, out_qsize 0
INFO:gensim.models.word2vec:EPOCH 4 - PROGRESS: at 73.28% examples, 73549 words/s, in_qsize 0, out_qsize 0
INFO:gensim.models.word2vec:EPOCH 4 - PROGRESS: at 76.50% examples, 73583 words/s, in_qsize 0, out_qsize 0
INFO:gensim.models.word2vec:EPOCH 4 - PROGRESS: at 79.73% examples, 73690 words/s, in_qsize 0, out_qsize 0
INFO:gensim.models.word2vec:EPOCH 4 - PROGRESS: at 82.95% examples, 73674 words/s, in_qsize 0, out_qsize 0
INFO:gensim.models.word2vec:EPOCH 4 - PROGRESS: at 86.17% examples, 73648 words/s, in_qsize 0, out_qsize 0
INFO:gensim.models.word2vec:EPOCH 4 - PROGRESS: at 89.61% examples, 73764 words/s, in_qsize 0, out_qsize 0
INFO:gensim.models.word2vec:EPOCH 4 - PROGRESS: at 92.62% examples, 73671 words/s, in_qsize 0, out_qsize 1
INFO:gensim.models.word2vec:EPOCH 4 - PROGRESS: at 96.06% examples, 73637 words/s, in_qsize 0, out_qsize 1
INFO:gensim.models.word2vec:EPOCH 4 - PROGRESS: at 99.71% examples, 73867 words/s, in_qsize 0, out_qsize 0
INFO:gensim.models.word2vec:EPOCH 4: training on 4643403 raw words (2379601 effective words) took 32.2s, 73978 effective words/s
INFO:root:Loss after epoch 4: 471920.0
INFO:gensim.utils:Word2Vec lifecycle event {'msg': 'training on 23217015 raw words (11894801 effective words) took 163.2s, 72890 effective words/s', 'datetime': '2023-11-06T21:13:57.592812', 'gensim': '4.3.2', 'python': '3.11.6 (tags/v3.11.6:8b6ee5b, Oct  2 2023, 14:57:12) [MSC v.1935 64 bit (AMD64)]', 'platform': 'Windows-10-10.0.22621-SP0', 'event': 'train'}
INFO:gensim.utils:Word2Vec lifecycle event {'params': 'Word2Vec<vocab=269, vector_size=256, alpha=0.025>', 'datetime': '2023-11-06T21:13:57.592812', 'gensim': '4.3.2', 'python': '3.11.6 (tags/v3.11.6:8b6ee5b, Oct  2 2023, 14:57:12) [MSC v.1935 64 bit (AMD64)]', 'platform': 'Windows-10-10.0.22621-SP0', 'event': 'created'}
INFO:gensim.models.keyedvectors:storing 269x256 projection weights into c:\Users\shwes\Projects\ML\mtg deckbuilding\MTG-card2vec/embeddings/ONE/embed_gensim.txt
INFO:gensim.utils:Word2Vec lifecycle event {'fname_or_handle': 'c:\\Users\\shwes\\Projects\\ML\\mtg deckbuilding\\MTG-card2vec/models/ONE/ONE.model', 'separately': 'None', 'sep_limit': 10485760, 'ignore': frozenset(), 'datetime': '2023-11-06T21:13:57.674003', 'gensim': '4.3.2', 'python': '3.11.6 (tags/v3.11.6:8b6ee5b, Oct  2 2023, 14:57:12) [MSC v.1935 64 bit (AMD64)]', 'platform': 'Windows-10-10.0.22621-SP0', 'event': 'saving'}
INFO:gensim.utils:not storing attribute cum_table
INFO:gensim.utils:saved c:\Users\shwes\Projects\ML\mtg deckbuilding\MTG-card2vec/models/ONE/ONE.model
